<?xml version="1.0" encoding="utf-8"?><testsuites name="pytest tests"><testsuite name="pytest" errors="0" failures="0" skipped="0" tests="35" time="4.788" timestamp="2026-04-18T00:00:16.072707+00:00" hostname="agent-env-7994dbc5-4282-4f3f-bf89-1a2a63c8f016"><testcase classname="tests.test_ecoandes_api.TestHealth" name="test_health_endpoint" time="0.229" /><testcase classname="tests.test_ecoandes_api.TestAuth" name="test_register_retail_user" time="0.293" /><testcase classname="tests.test_ecoandes_api.TestAuth" name="test_register_professional_user" time="0.278" /><testcase classname="tests.test_ecoandes_api.TestAuth" name="test_register_duplicate_email" time="0.049" /><testcase classname="tests.test_ecoandes_api.TestAuth" name="test_login_success" time="0.280" /><testcase classname="tests.test_ecoandes_api.TestAuth" name="test_login_invalid_credentials" time="0.052" /><testcase classname="tests.test_ecoandes_api.TestAuth" name="test_me_authenticated" time="0.386" /><testcase classname="tests.test_ecoandes_api.TestAuth" name="test_me_unauthenticated" time="0.043" /><testcase classname="tests.test_ecoandes_api.TestProducts" name="test_list_products" time="0.048" /><testcase classname="tests.test_ecoandes_api.TestProducts" name="test_list_categories" time="0.044" /><testcase classname="tests.test_ecoandes_api.TestProducts" name="test_get_product_by_slug" time="0.048" /><testcase classname="tests.test_ecoandes_api.TestProducts" name="test_get_product_not_found" time="0.059" /><testcase classname="tests.test_ecoandes_api.TestProducts" name="test_dual_pricing_guest" time="0.047" /><testcase classname="tests.test_ecoandes_api.TestProducts" name="test_dual_pricing_admin" time="0.050" /><testcase classname="tests.test_ecoandes_api.TestProducts" name="test_search_products" time="0.049" /><testcase classname="tests.test_ecoandes_api.TestProducts" name="test_featured_products" time="0.048" /><testcase classname="tests.test_ecoandes_api.TestOrders" name="test_shipping_quote_retail_under_threshold" time="0.051" /><testcase classname="tests.test_ecoandes_api.TestOrders" name="test_shipping_quote_free_shipping" time="0.051" /><testcase classname="tests.test_ecoandes_api.TestOrders" name="test_shipping_quote_professional" time="0.048" /><testcase classname="tests.test_ecoandes_api.TestOrders" name="test_create_guest_order" time="0.092" /><testcase classname="tests.test_ecoandes_api.TestOrders" name="test_create_order_empty_cart" time="0.060" /><testcase classname="tests.test_ecoandes_api.TestAdminOrders" name="test_admin_list_orders" time="0.059" /><testcase classname="tests.test_ecoandes_api.TestAdminOrders" name="test_admin_list_orders_unauthorized" time="0.046" /><testcase classname="tests.test_ecoandes_api.TestAdminOrders" name="test_admin_stats" time="0.056" /><testcase classname="tests.test_ecoandes_api.TestAdminOrders" name="test_admin_update_order_status" time="0.147" /><testcase classname="tests.test_ecoandes_api.TestAdminUsers" name="test_admin_list_users" time="0.053" /><testcase classname="tests.test_ecoandes_api.TestAdminUsers" name="test_admin_list_users_unauthorized" time="0.046" /><testcase classname="tests.test_ecoandes_api.TestAdminUsers" name="test_admin_list_users_by_role" time="0.056" /><testcase classname="tests.test_ecoandes_api.TestAdminPriceImport" name="test_price_logs_empty_or_list" time="0.117" /><testcase classname="tests.test_ecoandes_api.TestAdminPriceImport" name="test_price_import_unauthorized" time="0.048" /><testcase classname="tests.test_ecoandes_api.TestAdminCloudinary" name="test_cloudinary_signature_not_configured" time="0.049" /><testcase classname="tests.test_ecoandes_api.TestPayments" name="test_stripe_checkout_creates_session" time="0.705" /><testcase classname="tests.test_ecoandes_api.TestPayments" name="test_paypal_not_configured" time="0.139" /><testcase classname="tests.test_ecoandes_api.TestAdminProtection" name="test_admin_routes_require_auth" time="0.191" /><testcase classname="tests.test_ecoandes_api.TestAdminProtection" name="test_admin_routes_require_admin_role" time="0.637" /></testsuite></testsuites>